# JRE version: OpenJDK Runtime Environment (17.0.8) (build 17.0.8+0--10799086)
# Java VM: OpenJDK 64-Bit Server VM (17.0.8+0--10799086, mixed mode, tiered, compressed oops, compressed class ptrs, g1 gc, windows-amd64)
GC Precious Log:
 CPUs: 12 total, 12 available
 Memory: 15741M
 Large Page Support: Disabled
 NUMA Support: Disabled
 Compressed Oops: Enabled (32-bit)
 Heap Region Size: 1M
 Heap Min Capacity: 8M
 Heap Initial Capacity: 246M
 Heap Max Capacity: 2G
 Pre-touch: Disabled
 Parallel Workers: 10
 Concurrent Workers: 3
 Concurrent Refinement Workers: 10
 Periodic GC: Disabled
Heap:
 garbage-first heap   total 394240K, used 147362K [0x0000000080000000, 0x0000000100000000)
  region size 1024K, 4 young (4096K), 4 survivors (4096K)
 Metaspace       used 114212K, committed 115072K, reserved 1179648K
  class space    used 15346K, committed 15744K, reserved 1048576K
GC Heap History (20 events):
Event: 8.078 GC heap after
{Heap after GC invocations=37 (full 0):
 garbage-first heap   total 239616K, used 119194K [0x0000000080000000, 0x0000000100000000)
  region size 1024K, 7 young (7168K), 7 survivors (7168K)
 Metaspace       used 107210K, committed 107968K, reserved 1179648K
  class space    used 14474K, committed 14848K, reserved 1048576K
}
Event: 8.262 GC heap before
{Heap before GC invocations=37 (full 0):
 garbage-first heap   total 239616K, used 188826K [0x0000000080000000, 0x0000000100000000)
  region size 1024K, 76 young (77824K), 7 survivors (7168K)
 Metaspace       used 107761K, committed 108480K, reserved 1179648K
  class space    used 14528K, committed 14848K, reserved 1048576K
}
Event: 8.266 GC heap after
{Heap after GC invocations=38 (full 0):
 garbage-first heap   total 239616K, used 123197K [0x0000000080000000, 0x0000000100000000)
  region size 1024K, 7 young (7168K), 7 survivors (7168K)
 Metaspace       used 107761K, committed 108480K, reserved 1179648K
  class space    used 14528K, committed 14848K, reserved 1048576K
}
Event: 8.473 GC heap before
{Heap before GC invocations=38 (full 0):
 garbage-first heap   total 239616K, used 191805K [0x0000000080000000, 0x0000000100000000)
  region size 1024K, 74 young (75776K), 7 survivors (7168K)
 Metaspace       used 108270K, committed 109056K, reserved 1179648K
  class space    used 14573K, committed 14912K, reserved 1048576K
}
Event: 8.478 GC heap after
{Heap after GC invocations=39 (full 0):
 garbage-first heap   total 352256K, used 129012K [0x0000000080000000, 0x0000000100000000)
  region size 1024K, 7 young (7168K), 7 survivors (7168K)
 Metaspace       used 108270K, committed 109056K, reserved 1179648K
  class space    used 14573K, committed 14912K, reserved 1048576K
}
Event: 8.995 GC heap before
{Heap before GC invocations=39 (full 0):
 garbage-first heap   total 352256K, used 198644K [0x0000000080000000, 0x0000000100000000)
  region size 1024K, 77 young (78848K), 7 survivors (7168K)
 Metaspace       used 112062K, committed 112896K, reserved 1179648K
  class space    used 15068K, committed 15488K, reserved 1048576K
}
Event: 9.001 GC heap after
{Heap after GC invocations=40 (full 0):
 garbage-first heap   total 352256K, used 134034K [0x0000000080000000, 0x0000000100000000)
  region size 1024K, 12 young (12288K), 12 survivors (12288K)
 Metaspace       used 112062K, committed 112896K, reserved 1179648K
  class space    used 15068K, committed 15488K, reserved 1048576K
}
Event: 10.530 GC heap before
{Heap before GC invocations=41 (full 0):
 garbage-first heap   total 352256K, used 278418K [0x0000000080000000, 0x0000000100000000)
  region size 1024K, 154 young (157696K), 12 survivors (12288K)
 Metaspace       used 114046K, committed 114880K, reserved 1179648K
  class space    used 15341K, committed 15744K, reserved 1048576K
}
Event: 10.536 GC heap after
{Heap after GC invocations=42 (full 0):
 garbage-first heap   total 352256K, used 137866K [0x0000000080000000, 0x0000000100000000)
  region size 1024K, 11 young (11264K), 11 survivors (11264K)
 Metaspace       used 114046K, committed 114880K, reserved 1179648K
  class space    used 15341K, committed 15744K, reserved 1048576K
}
Event: 10.538 GC heap before
{Heap before GC invocations=42 (full 0):
 garbage-first heap   total 352256K, used 142986K [0x0000000080000000, 0x0000000100000000)
  region size 1024K, 17 young (17408K), 11 survivors (11264K)
 Metaspace       used 114051K, committed 114880K, reserved 1179648K
  class space    used 15343K, committed 15744K, reserved 1048576K
}
Event: 10.542 GC heap after
{Heap after GC invocations=43 (full 0):
 garbage-first heap   total 352256K, used 135634K [0x0000000080000000, 0x0000000100000000)
  region size 1024K, 2 young (2048K), 2 survivors (2048K)
 Metaspace       used 114051K, committed 114880K, reserved 1179648K
  class space    used 15343K, committed 15744K, reserved 1048576K
}
Event: 10.593 GC heap before
{Heap before GC invocations=43 (full 0):
 garbage-first heap   total 352256K, used 288210K [0x0000000080000000, 0x0000000100000000)
  region size 1024K, 150 young (153600K), 2 survivors (2048K)
 Metaspace       used 114141K, committed 115008K, reserved 1179648K
  class space    used 15346K, committed 15744K, reserved 1048576K
}
Event: 10.596 GC heap after
{Heap after GC invocations=44 (full 0):
 garbage-first heap   total 352256K, used 140012K [0x0000000080000000, 0x0000000100000000)
  region size 1024K, 4 young (4096K), 4 survivors (4096K)
 Metaspace       used 114141K, committed 115008K, reserved 1179648K
  class space    used 15346K, committed 15744K, reserved 1048576K
}
Event: 10.645 GC heap before
{Heap before GC invocations=44 (full 0):
 garbage-first heap   total 352256K, used 290540K [0x0000000080000000, 0x0000000100000000)
  region size 1024K, 152 young (155648K), 4 survivors (4096K)
 Metaspace       used 114153K, committed 115008K, reserved 1179648K
  class space    used 15346K, committed 15744K, reserved 1048576K
}
Event: 10.649 GC heap after
{Heap after GC invocations=45 (full 0):
 garbage-first heap   total 352256K, used 142312K [0x0000000080000000, 0x0000000100000000)
  region size 1024K, 7 young (7168K), 7 survivors (7168K)
 Metaspace       used 114153K, committed 115008K, reserved 1179648K
  class space    used 15346K, committed 15744K, reserved 1048576K
}
Event: 10.727 GC heap before
{Heap before GC invocations=46 (full 0):
 garbage-first heap   total 394240K, used 293864K [0x0000000080000000, 0x0000000100000000)
  region size 1024K, 156 young (159744K), 7 survivors (7168K)
 Metaspace       used 114184K, committed 115008K, reserved 1179648K
  class space    used 15346K, committed 15744K, reserved 1048576K
}
Event: 10.730 GC heap after
{Heap after GC invocations=47 (full 0):
 garbage-first heap   total 394240K, used 143675K [0x0000000080000000, 0x0000000100000000)
  region size 1024K, 8 young (8192K), 8 survivors (8192K)
 Metaspace       used 114184K, committed 115008K, reserved 1179648K
  class space    used 15346K, committed 15744K, reserved 1048576K
}
Event: 10.733 GC heap before
{Heap before GC invocations=47 (full 0):
 garbage-first heap   total 394240K, used 153915K [0x0000000080000000, 0x0000000100000000)
  region size 1024K, 19 young (19456K), 8 survivors (8192K)
 Metaspace       used 114186K, committed 115008K, reserved 1179648K
  class space    used 15346K, committed 15744K, reserved 1048576K
}
Event: 10.739 GC heap after
{Heap after GC invocations=48 (full 0):
 garbage-first heap   total 394240K, used 142632K [0x0000000080000000, 0x0000000100000000)
  region size 1024K, 2 young (2048K), 2 survivors (2048K)
 Metaspace       used 114186K, committed 115008K, reserved 1179648K
  class space    used 15346K, committed 15744K, reserved 1048576K
}
Event: 10.836 GC heap before
{Heap before GC invocations=48 (full 0):
 garbage-first heap   total 394240K, used 334120K [0x0000000080000000, 0x0000000100000000)
  region size 1024K, 188 young (192512K), 2 survivors (2048K)
 Metaspace       used 114212K, committed 115072K, reserved 1179648K
  class space    used 15346K, committed 15744K, reserved 1048576K
}

